Flutter crash report.
Please report a bug at https://github.com/flutter/flutter/issues.

## command

flutter --no-color run --machine --track-widget-creation --device-id=chrome --start-paused --dart-define=flutter.inspector.structuredErrors=true lib\main.dart

## exception

StateError: Bad state: No context with the running Dart application.

```
#0      RemoteDebuggerExecutionContext.id (package:dwds/src/debugging/execution_context.dart:55:7)
<asynchronous suspension>
#1      AppInspector._getExtensionRpcs (package:dwds/src/debugging/inspector.dart:538:20)
<asynchronous suspension>
#2      AppInspector._initialize (package:dwds/src/debugging/inspector.dart:97:34)
<asynchronous suspension>
#3      AppInspector.initialize (package:dwds/src/debugging/inspector.dart:160:5)
<asynchronous suspension>
#4      ChromeProxyService.createIsolate (package:dwds/src/services/chrome_proxy_service.dart:216:18)
<asynchronous suspension>
```

## flutter doctor

```
[✓] Flutter (Channel stable, 3.0.1, on Microsoft Windows [Version 10.0.19044.1706], locale en-US)
    • Flutter version 3.0.1 at F:\Amoozesh\flutter\tools\flutter
    • Upstream repository https://github.com/flutter/flutter.git
    • Framework revision fb57da5f94 (4 weeks ago), 2022-05-19 15:50:29 -0700
    • Engine revision caaafc5604
    • Dart version 2.17.1
    • DevTools version 2.12.2

[✓] Android toolchain - develop for Android devices (Android SDK version 32.0.0)
    • Android SDK at E:\android\sdkNew
    • Platform android-32, build-tools 32.0.0
    • ANDROID_HOME = E:/android/sdkNew
    • Java binary at: D:\Program Files\Android\Android Studio\jre\bin\java
    • Java version OpenJDK Runtime Environment (build 11.0.12+7-b1504.28-7817840)
    • All Android licenses accepted.

[✓] Chrome - develop for the web
    • Chrome at C:\Program Files\Google\Chrome\Application\chrome.exe

[✗] Visual Studio - develop for Windows
    ✗ Visual Studio not installed; this is necessary for Windows development.
      Download at https://visualstudio.microsoft.com/downloads/.
      Please install the "Desktop development with C++" workload, including all of its default components

[✓] Android Studio (version 2021.2)
    • Android Studio at D:\Program Files\Android\Android Studio
    • Flutter plugin can be installed from:
      🔨 https://plugins.jetbrains.com/plugin/9212-flutter
    • Dart plugin can be installed from:
      🔨 https://plugins.jetbrains.com/plugin/6351-dart
    • Java version OpenJDK Runtime Environment (build 11.0.12+7-b1504.28-7817840)

[✓] VS Code (version 1.67.2)
    • VS Code at C:\Users\hasti\AppData\Local\Programs\Microsoft VS Code
    • Flutter extension version 3.40.0

[✓] Connected device (2 available)
    • Chrome (web) • chrome • web-javascript • Google Chrome 102.0.5005.115
    • Edge (web)   • edge   • web-javascript • Microsoft Edge 101.0.1210.53

[✓] HTTP Host Availability
    • All required HTTP hosts are available

! Doctor found issues in 1 category.
```
